make[2]: Entering directory `/home/599/dhb599/AusCOM/submodels/oasis3_prism_2-5/prism/Linux/build/lib/mpp_io'
make[2]: Nothing to be done for `all'.
make[2]: Leaving directory `/home/599/dhb599/AusCOM/submodels/oasis3_prism_2-5/prism/Linux/build/lib/mpp_io'
make[2]: Entering directory `/home/599/dhb599/AusCOM/submodels/oasis3_prism_2-5/prism/Linux/build/lib/clim.MPI1'
make[2]: Nothing to be done for `all'.
make[2]: Leaving directory `/home/599/dhb599/AusCOM/submodels/oasis3_prism_2-5/prism/Linux/build/lib/clim.MPI1'
make[2]: Entering directory `/home/599/dhb599/AusCOM/submodels/oasis3_prism_2-5/prism/Linux/build/lib/anaisg'
make[2]: Nothing to be done for `all'.
make[2]: Leaving directory `/home/599/dhb599/AusCOM/submodels/oasis3_prism_2-5/prism/Linux/build/lib/anaisg'
make[2]: Entering directory `/home/599/dhb599/AusCOM/submodels/oasis3_prism_2-5/prism/Linux/build/lib/anaism'
make[2]: Nothing to be done for `all'.
make[2]: Leaving directory `/home/599/dhb599/AusCOM/submodels/oasis3_prism_2-5/prism/Linux/build/lib/anaism'
make[2]: Entering directory `/home/599/dhb599/AusCOM/submodels/oasis3_prism_2-5/prism/Linux/build/lib/fscint'
make[2]: Nothing to be done for `all'.
make[2]: Leaving directory `/home/599/dhb599/AusCOM/submodels/oasis3_prism_2-5/prism/Linux/build/lib/fscint'
make[2]: Entering directory `/home/599/dhb599/AusCOM/submodels/oasis3_prism_2-5/prism/Linux/build/lib/scrip'
make[2]: Nothing to be done for `all'.
make[2]: Leaving directory `/home/599/dhb599/AusCOM/submodels/oasis3_prism_2-5/prism/Linux/build/lib/scrip'
make[2]: Entering directory `/home/599/dhb599/AusCOM/submodels/oasis3_prism_2-5/prism/Linux/build/lib/psmile.MPI1'
make[2]: Nothing to be done for `all'.
make[2]: Leaving directory `/home/599/dhb599/AusCOM/submodels/oasis3_prism_2-5/prism/Linux/build/lib/psmile.MPI1'
make[2]: Entering directory `/home/599/dhb599/AusCOM/submodels/oasis3_prism_2-5/prism/Linux/build/mod/oasis3.MPI1'
make[2]: Nothing to be done for `all'.
make[2]: Leaving directory `/home/599/dhb599/AusCOM/submodels/oasis3_prism_2-5/prism/Linux/build/mod/oasis3.MPI1'
